#
# A fatal error has been detected by the Java Runtime Environment:
#
#  EXCEPTION_ACCESS_VIOLATION (0xc0000005) at pc=0x0000000064a42d47, pid=18936, tid=16176
#
# JRE version: OpenJDK Runtime Environment Corretto-16.0.2.7.1 (16.0.2+7) (build 16.0.2+7)
# Java VM: OpenJDK 64-Bit Server VM Corretto-16.0.2.7.1 (16.0.2+7, mixed mode, sharing, tiered, compressed oops, compressed class ptrs, g1 gc, windows-amd64)
# Problematic frame:
# C  [imgui-java64.dll+0x42d47]
#
# No core dump will be written. Minidumps are not enabled by default on client versions of Windows
#
# If you would like to submit a bug report, please visit:
#   https://github.com/corretto/corretto-jdk/issues/
# The crash happened outside the Java Virtual Machine in native code.
# See problematic frame for where to report the bug.
#

---------------  S U M M A R Y ------------

Command Line: -Dfile.encoding=GBK -Duser.country=US -Duser.language=en -Duser.variant -ea Main java.library.path=libs

Host: Intel(R) Core(TM) i9-9880H CPU @ 2.30GHz, 16 cores, 15G,  Windows 10 , 64 bit Build 19041 (10.0.19041.1566)
Time: Tue Mar 15 02:30:16 2022 Eastern Daylight Time elapsed time: 1.110322 seconds (0d 0h 0m 1s)

---------------  T H R E A D  ---------------

Current thread (0x000001a8eb272c00):  JavaThread "main" [_thread_in_native, id=16176, stack(0x00000068a9900000,0x00000068a9a00000)]

Stack: [0x00000068a9900000,0x00000068a9a00000],  sp=0x00000068a99ff390,  free space=1020k
Native frames: (J=compiled Java code, j=interpreted, Vv=VM code, C=native code)
C  [imgui-java64.dll+0x42d47]

Java frames: (J=compiled Java code, j=interpreted, Vv=VM code)
j  imgui.ImDrawData.getCmdListsCount()I+0
j  imgui.gl3.ImGuiImplGl3.renderDrawData(Limgui/ImDrawData;)V+1
j  jade.ImGuiLayer.endFrame()V+7
j  jade.ImGuiLayer.update(FLjade/Scene;)V+16
j  jade.Window.loop()V+67
j  jade.Window.run()V+37
j  Main.main([Ljava/lang/String;)V+5
v  ~StubRoutines::call_stub

siginfo: EXCEPTION_ACCESS_VIOLATION (0xc0000005), reading address 0x0000000000000004


Register to memory mapping:

RIP=0x0000000064a42d47 imgui-java64.dll
RAX=0x0 is NULL
RBX={method} {0x000001a8927cae50} 'getCmdListsCount' '()I' in 'imgui/ImDrawData'
RCX=0x000001a8eb272f10 points into unknown readable memory: 0x000001a896b94560 | 60 45 b9 96 a8 01 00 00
RDX=0x00000068a99ff460 is pointing into the stack for thread: 0x000001a8eb272c00
RSP=0x00000068a99ff390 is pointing into the stack for thread: 0x000001a8eb272c00
RBP=0x00000068a99ff440 is pointing into the stack for thread: 0x000001a8eb272c00
RSI=0x0000000000000148 is an unknown value
RDI=0x000001a8800095e1 is at code_begin+1345 in an Interpreter codelet
return entry points  [0x000001a8800090a0, 0x000001a880009be0]  2880 bytes
R8 =0x0000000000000042 is an unknown value
R9 =0x000000071092c290 is an oop: imgui.ImDrawData 
{0x000000071092c290} - klass: 'imgui/ImDrawData'
R10=0x00007ffaecf4b8a0 jvm.dll
R11=0x0 is NULL
R12=0x000001a8eb272f10 points into unknown readable memory: 0x000001a896b94560 | 60 45 b9 96 a8 01 00 00
R13=0x00000068a99ff460 is pointing into the stack for thread: 0x000001a8eb272c00
R14=0x00000068a99ff460 is pointing into the stack for thread: 0x000001a8eb272c00
R15=0x000001a8eb272c00 is a thread


Registers:
RAX=0x0000000000000000, RBX=0x000001a8927cae48, RCX=0x000001a8eb272f10, RDX=0x00000068a99ff460
RSP=0x00000068a99ff390, RBP=0x00000068a99ff440, RSI=0x0000000000000148, RDI=0x000001a8800095e1
R8 =0x0000000000000042, R9 =0x000000071092c290, R10=0x00007ffaecf4b8a0, R11=0x0000000000000000
R12=0x000001a8eb272f10, R13=0x00000068a99ff460, R14=0x00000068a99ff460, R15=0x000001a8eb272c00
RIP=0x0000000064a42d47, EFLAGS=0x0000000000010246

Top of Stack: (sp=0x00000068a99ff390)
0x00000068a99ff390:   000001a8800095e1 000001a88000db79
0x00000068a99ff3a0:   000001a89278ed00 000001a8927cae48
0x00000068a99ff3b0:   000001a8927cae48 0000000000000000
0x00000068a99ff3c0:   000001a8927cae48 000001a88000dd22
0x00000068a99ff3d0:   000001a8927cae48 0000000000000148
0x00000068a99ff3e0:   0000000000000148 000000071092c290
0x00000068a99ff3f0:   000001a88000d9d6 00000068a99ff3f8
0x00000068a99ff400:   000001a8927cae48 00000068a99ff460
0x00000068a99ff410:   000001a8927cb8d8 0000000000000000
0x00000068a99ff420:   0000000710afcc20 000001a8927cae48
0x00000068a99ff430:   0000000000000000 00000068a99ff460
0x00000068a99ff440:   00000068a99ff4b0 000001a880009626
0x00000068a99ff450:   0000000000000000 000001a88000b2d6
0x00000068a99ff460:   000000071092c290 00000068a99ff468
0x00000068a99ff470:   000001a892784079 00000068a99ff530
0x00000068a99ff480:   000001a892786010 0000000000000000 

Instructions: (pc=0x0000000064a42d47)
0x0000000064a42c47:   4d 8b 0c 24 4c 89 ea 4c 89 e1 49 89 c0 41 ff 91
0x0000000064a42c57:   28 03 00 00 48 8b 40 10 48 8b 04 d8 8b 40 20 48
0x0000000064a42c67:   83 c4 20 5b 41 5c 41 5d c3 41 56 41 55 41 54 56
0x0000000064a42c77:   53 48 83 ec 20 8b 74 24 70 49 89 cd 49 89 d6 49
0x0000000064a42c87:   63 d8 4d 89 cc 4d 85 c9 74 0f 48 8b 01 4c 89 ca
0x0000000064a42c97:   ff 90 30 07 00 00 49 89 c4 e8 bb 3b 0a 00 4d 8b
0x0000000064a42ca7:   4d 00 4c 89 f2 4c 89 e9 49 89 c0 41 ff 91 28 03
0x0000000064a42cb7:   00 00 4c 63 c6 4c 89 e1 48 8b 40 10 48 8b 04 d8
0x0000000064a42cc7:   48 8b 50 28 48 83 c4 20 5b 5e 41 5c 41 5d 41 5e
0x0000000064a42cd7:   e9 14 56 14 00 0f 1f 40 00 41 55 41 54 48 83 ec
0x0000000064a42ce7:   28 49 89 cc 49 89 d5 e8 6d 3b 0a 00 4d 8b 0c 24
0x0000000064a42cf7:   4c 89 ea 4c 89 e1 49 89 c0 41 ff 91 28 03 00 00
0x0000000064a42d07:   0f b6 00 48 83 c4 28 41 5c 41 5d c3 66 66 2e 0f
0x0000000064a42d17:   1f 84 00 00 00 00 00 66 90 41 55 41 54 48 83 ec
0x0000000064a42d27:   28 49 89 cc 49 89 d5 e8 2d 3b 0a 00 4d 8b 0c 24
0x0000000064a42d37:   4c 89 ea 4c 89 e1 49 89 c0 41 ff 91 28 03 00 00
0x0000000064a42d47:   8b 40 04 48 83 c4 28 41 5c 41 5d c3 66 66 2e 0f
0x0000000064a42d57:   1f 84 00 00 00 00 00 66 90 41 55 41 54 48 83 ec
0x0000000064a42d67:   28 49 89 cc 49 89 d5 e8 ed 3a 0a 00 4d 8b 0c 24
0x0000000064a42d77:   4c 89 ea 4c 89 e1 49 89 c0 41 ff 91 28 03 00 00
0x0000000064a42d87:   8b 40 08 48 83 c4 28 41 5c 41 5d c3 66 66 2e 0f
0x0000000064a42d97:   1f 84 00 00 00 00 00 66 90 41 55 41 54 48 83 ec
0x0000000064a42da7:   28 49 89 cc 49 89 d5 e8 ad 3a 0a 00 4d 8b 0c 24
0x0000000064a42db7:   4c 89 ea 4c 89 e1 49 89 c0 41 ff 91 28 03 00 00
0x0000000064a42dc7:   8b 40 0c 48 83 c4 28 41 5c 41 5d c3 66 66 2e 0f
0x0000000064a42dd7:   1f 84 00 00 00 00 00 66 90 41 55 41 54 53 48 83
0x0000000064a42de7:   ec 20 49 89 cc 4c 89 c3 49 89 d5 e8 69 3a 0a 00
0x0000000064a42df7:   4d 8b 0c 24 4c 89 ea 4c 89 e1 49 89 c0 41 ff 91
0x0000000064a42e07:   28 03 00 00 49 89 d8 4c 89 e1 48 8d 50 18 48 83
0x0000000064a42e17:   c4 20 5b 41 5c 41 5d e9 5d 3f 0a 00 66 66 2e 0f
0x0000000064a42e27:   1f 84 00 00 00 00 00 66 90 41 55 41 54 48 83 ec
0x0000000064a42e37:   28 49 89 cc 49 89 d5 e8 1d 3a 0a 00 4d 8b 0c 24 


Stack slot to memory mapping:
stack at sp + 0 slots: 0x000001a8800095e1 is at code_begin+1345 in an Interpreter codelet
return entry points  [0x000001a8800090a0, 0x000001a880009be0]  2880 bytes
stack at sp + 1 slots: 0x000001a88000db79 is at code_begin+601 in an Interpreter codelet
method entry point (kind = native)  [0x000001a88000d920, 0x000001a88000e300]  2528 bytes
stack at sp + 2 slots: 0x000001a89278ed00 is pointing into metadata
stack at sp + 3 slots: {method} {0x000001a8927cae50} 'getCmdListsCount' '()I' in 'imgui/ImDrawData'
stack at sp + 4 slots: {method} {0x000001a8927cae50} 'getCmdListsCount' '()I' in 'imgui/ImDrawData'
stack at sp + 5 slots: 0x0 is NULL
stack at sp + 6 slots: {method} {0x000001a8927cae50} 'getCmdListsCount' '()I' in 'imgui/ImDrawData'
stack at sp + 7 slots: 0x000001a88000dd22 is at code_begin+1026 in an Interpreter codelet
method entry point (kind = native)  [0x000001a88000d920, 0x000001a88000e300]  2528 bytes


---------------  P R O C E S S  ---------------

Threads class SMR info:
_java_thread_list=0x000001a896dae1c0, length=16, elements={
0x000001a8eb272c00, 0x000001a891c71b30, 0x000001a891c729f0, 0x000001a891c964e0,
0x000001a891c85620, 0x000001a891c88030, 0x000001a891c88a30, 0x000001a891c8ec70,
0x000001a891c91770, 0x000001a891c921b0, 0x000001a89290d660, 0x000001a89290efd0,
0x000001a892945540, 0x000001a892945a60, 0x000001a896a070f0, 0x000001a896ab2560
}

Java Threads: ( => current thread )
=>0x000001a8eb272c00 JavaThread "main" [_thread_in_native, id=16176, stack(0x00000068a9900000,0x00000068a9a00000)]
  0x000001a891c71b30 JavaThread "Reference Handler" daemon [_thread_blocked, id=10380, stack(0x00000068aa000000,0x00000068aa100000)]
  0x000001a891c729f0 JavaThread "Finalizer" daemon [_thread_blocked, id=19032, stack(0x00000068aa100000,0x00000068aa200000)]
  0x000001a891c964e0 JavaThread "Signal Dispatcher" daemon [_thread_blocked, id=17756, stack(0x00000068aa200000,0x00000068aa300000)]
  0x000001a891c85620 JavaThread "Attach Listener" daemon [_thread_blocked, id=11104, stack(0x00000068aa300000,0x00000068aa400000)]
  0x000001a891c88030 JavaThread "Service Thread" daemon [_thread_blocked, id=19028, stack(0x00000068aa400000,0x00000068aa500000)]
  0x000001a891c88a30 JavaThread "Monitor Deflation Thread" daemon [_thread_blocked, id=14796, stack(0x00000068aa500000,0x00000068aa600000)]
  0x000001a891c8ec70 JavaThread "C2 CompilerThread0" daemon [_thread_blocked, id=15612, stack(0x00000068aa600000,0x00000068aa700000)]
  0x000001a891c91770 JavaThread "C1 CompilerThread0" daemon [_thread_blocked, id=4976, stack(0x00000068aa700000,0x00000068aa800000)]
  0x000001a891c921b0 JavaThread "Sweeper thread" daemon [_thread_blocked, id=6172, stack(0x00000068aa800000,0x00000068aa900000)]
  0x000001a89290d660 JavaThread "C1 CompilerThread1" daemon [_thread_blocked, id=2692, stack(0x00000068aa900000,0x00000068aaa00000)]
  0x000001a89290efd0 JavaThread "C1 CompilerThread2" daemon [_thread_blocked, id=18780, stack(0x00000068aaa00000,0x00000068aab00000)]
  0x000001a892945540 JavaThread "Notification Thread" daemon [_thread_blocked, id=14672, stack(0x00000068aab00000,0x00000068aac00000)]
  0x000001a892945a60 JavaThread "Common-Cleaner" daemon [_thread_blocked, id=2536, stack(0x00000068aad00000,0x00000068aae00000)]
  0x000001a896a070f0 JavaThread "C2 CompilerThread1" daemon [_thread_blocked, id=13296, stack(0x00000068aae00000,0x00000068aaf00000)]
  0x000001a896ab2560 JavaThread "C1 CompilerThread3" daemon [_thread_blocked, id=18300, stack(0x00000068ab300000,0x00000068ab400000)]

Other Threads:
  0x000001a891c6cee0 VMThread "VM Thread" [stack: 0x00000068a9f00000,0x00000068aa000000] [id=5224]
  0x000001a8928b9cf0 WatcherThread [stack: 0x00000068aac00000,0x00000068aad00000] [id=17692]
  0x000001a8eb2c8160 GCTaskThread "GC Thread#0" [stack: 0x00000068a9a00000,0x00000068a9b00000] [id=11100]
  0x000001a8eb2d8ff0 ConcurrentGCThread "G1 Main Marker" [stack: 0x00000068a9b00000,0x00000068a9c00000] [id=17888]
  0x000001a8eb2d9a60 ConcurrentGCThread "G1 Conc#0" [stack: 0x00000068a9c00000,0x00000068a9d00000] [id=17904]
  0x000001a8eb35e110 ConcurrentGCThread "G1 Refine#0" [stack: 0x00000068a9d00000,0x00000068a9e00000] [id=7264]
  0x000001a8eb35eb90 ConcurrentGCThread "G1 Service" [stack: 0x00000068a9e00000,0x00000068a9f00000] [id=15484]

Threads with active compile tasks:

VM state: not at safepoint (normal execution)

VM Mutex/Monitor currently owned by a thread: None

Heap address: 0x0000000701a00000, size: 4070 MB, Compressed Oops mode: Zero based, Oop shift amount: 3

CDS archive(s) mapped at: [0x0000000800000000-0x0000000800be0000-0x0000000800be0000), size 12451840, SharedBaseAddress: 0x0000000800000000, ArchiveRelocationMode: 0.
Compressed class space mapped at: 0x0000000800c00000-0x0000000840c00000, reserved size: 1073741824
Narrow klass base: 0x0000000800000000, Narrow klass shift: 3, Narrow klass range: 0x100000000

GC Precious Log:
 CPUs: 16 total, 16 available
 Memory: 16278M
 Large Page Support: Disabled
 NUMA Support: Disabled
 Compressed Oops: Enabled (Zero based)
 Heap Region Size: 2M
 Heap Min Capacity: 8M
 Heap Initial Capacity: 256M
 Heap Max Capacity: 4070M
 Pre-touch: Disabled
 Parallel Workers: 13
 Concurrent Workers: 3
 Concurrent Refinement Workers: 13
 Periodic GC: Disabled

Heap:
 garbage-first heap   total 262144K, used 14336K [0x0000000701a00000, 0x0000000800000000)
  region size 2048K, 9 young (18432K), 0 survivors (0K)
 Metaspace       used 6568K, committed 6720K, reserved 1064960K
  class space    used 306K, committed 384K, reserved 1048576K

Heap Regions: E=young(eden), S=young(survivor), O=old, HS=humongous(starts), HC=humongous(continues), CS=collection set, F=free, OA=open archive, CA=closed archive, TAMS=top-at-mark-start (previous, next)
|   0|0x0000000701a00000, 0x0000000701a00000, 0x0000000701c00000|  0%| F|  |TAMS 0x0000000701a00000, 0x0000000701a00000| Untracked 
|   1|0x0000000701c00000, 0x0000000701c00000, 0x0000000701e00000|  0%| F|  |TAMS 0x0000000701c00000, 0x0000000701c00000| Untracked 
|   2|0x0000000701e00000, 0x0000000701e00000, 0x0000000702000000|  0%| F|  |TAMS 0x0000000701e00000, 0x0000000701e00000| Untracked 
|   3|0x0000000702000000, 0x0000000702000000, 0x0000000702200000|  0%| F|  |TAMS 0x0000000702000000, 0x0000000702000000| Untracked 
|   4|0x0000000702200000, 0x0000000702200000, 0x0000000702400000|  0%| F|  |TAMS 0x0000000702200000, 0x0000000702200000| Untracked 
|   5|0x0000000702400000, 0x0000000702400000, 0x0000000702600000|  0%| F|  |TAMS 0x0000000702400000, 0x0000000702400000| Untracked 
|   6|0x0000000702600000, 0x0000000702600000, 0x0000000702800000|  0%| F|  |TAMS 0x0000000702600000, 0x0000000702600000| Untracked 
|   7|0x0000000702800000, 0x0000000702800000, 0x0000000702a00000|  0%| F|  |TAMS 0x0000000702800000, 0x0000000702800000| Untracked 
|   8|0x0000000702a00000, 0x0000000702a00000, 0x0000000702c00000|  0%| F|  |TAMS 0x0000000702a00000, 0x0000000702a00000| Untracked 
|   9|0x0000000702c00000, 0x0000000702c00000, 0x0000000702e00000|  0%| F|  |TAMS 0x0000000702c00000, 0x0000000702c00000| Untracked 
|  10|0x0000000702e00000, 0x0000000702e00000, 0x0000000703000000|  0%| F|  |TAMS 0x0000000702e00000, 0x0000000702e00000| Untracked 
|  11|0x0000000703000000, 0x0000000703000000, 0x0000000703200000|  0%| F|  |TAMS 0x0000000703000000, 0x0000000703000000| Untracked 
|  12|0x0000000703200000, 0x0000000703200000, 0x0000000703400000|  0%| F|  |TAMS 0x0000000703200000, 0x0000000703200000| Untracked 
|  13|0x0000000703400000, 0x0000000703400000, 0x0000000703600000|  0%| F|  |TAMS 0x0000000703400000, 0x0000000703400000| Untracked 
|  14|0x0000000703600000, 0x0000000703600000, 0x0000000703800000|  0%| F|  |TAMS 0x0000000703600000, 0x0000000703600000| Untracked 
|  15|0x0000000703800000, 0x0000000703800000, 0x0000000703a00000|  0%| F|  |TAMS 0x0000000703800000, 0x0000000703800000| Untracked 
|  16|0x0000000703a00000, 0x0000000703a00000, 0x0000000703c00000|  0%| F|  |TAMS 0x0000000703a00000, 0x0000000703a00000| Untracked 
|  17|0x0000000703c00000, 0x0000000703c00000, 0x0000000703e00000|  0%| F|  |TAMS 0x0000000703c00000, 0x0000000703c00000| Untracked 
|  18|0x0000000703e00000, 0x0000000703e00000, 0x0000000704000000|  0%| F|  |TAMS 0x0000000703e00000, 0x0000000703e00000| Untracked 
|  19|0x0000000704000000, 0x0000000704000000, 0x0000000704200000|  0%| F|  |TAMS 0x0000000704000000, 0x0000000704000000| Untracked 
|  20|0x0000000704200000, 0x0000000704200000, 0x0000000704400000|  0%| F|  |TAMS 0x0000000704200000, 0x0000000704200000| Untracked 
|  21|0x0000000704400000, 0x0000000704400000, 0x0000000704600000|  0%| F|  |TAMS 0x0000000704400000, 0x0000000704400000| Untracked 
|  22|0x0000000704600000, 0x0000000704600000, 0x0000000704800000|  0%| F|  |TAMS 0x0000000704600000, 0x0000000704600000| Untracked 
|  23|0x0000000704800000, 0x0000000704800000, 0x0000000704a00000|  0%| F|  |TAMS 0x0000000704800000, 0x0000000704800000| Untracked 
|  24|0x0000000704a00000, 0x0000000704a00000, 0x0000000704c00000|  0%| F|  |TAMS 0x0000000704a00000, 0x0000000704a00000| Untracked 
|  25|0x0000000704c00000, 0x0000000704c00000, 0x0000000704e00000|  0%| F|  |TAMS 0x0000000704c00000, 0x0000000704c00000| Untracked 
|  26|0x0000000704e00000, 0x0000000704e00000, 0x0000000705000000|  0%| F|  |TAMS 0x0000000704e00000, 0x0000000704e00000| Untracked 
|  27|0x0000000705000000, 0x0000000705000000, 0x0000000705200000|  0%| F|  |TAMS 0x0000000705000000, 0x0000000705000000| Untracked 
|  28|0x0000000705200000, 0x0000000705200000, 0x0000000705400000|  0%| F|  |TAMS 0x0000000705200000, 0x0000000705200000| Untracked 
|  29|0x0000000705400000, 0x0000000705400000, 0x0000000705600000|  0%| F|  |TAMS 0x0000000705400000, 0x0000000705400000| Untracked 
|  30|0x0000000705600000, 0x0000000705600000, 0x0000000705800000|  0%| F|  |TAMS 0x0000000705600000, 0x0000000705600000| Untracked 
|  31|0x0000000705800000, 0x0000000705800000, 0x0000000705a00000|  0%| F|  |TAMS 0x0000000705800000, 0x0000000705800000| Untracked 
|  32|0x0000000705a00000, 0x0000000705a00000, 0x0000000705c00000|  0%| F|  |TAMS 0x0000000705a00000, 0x0000000705a00000| Untracked 
|  33|0x0000000705c00000, 0x0000000705c00000, 0x0000000705e00000|  0%| F|  |TAMS 0x0000000705c00000, 0x0000000705c00000| Untracked 
|  34|0x0000000705e00000, 0x0000000705e00000, 0x0000000706000000|  0%| F|  |TAMS 0x0000000705e00000, 0x0000000705e00000| Untracked 
|  35|0x0000000706000000, 0x0000000706000000, 0x0000000706200000|  0%| F|  |TAMS 0x0000000706000000, 0x0000000706000000| Untracked 
|  36|0x0000000706200000, 0x0000000706200000, 0x0000000706400000|  0%| F|  |TAMS 0x0000000706200000, 0x0000000706200000| Untracked 
|  37|0x0000000706400000, 0x0000000706400000, 0x0000000706600000|  0%| F|  |TAMS 0x0000000706400000, 0x0000000706400000| Untracked 
|  38|0x0000000706600000, 0x0000000706600000, 0x0000000706800000|  0%| F|  |TAMS 0x0000000706600000, 0x0000000706600000| Untracked 
|  39|0x0000000706800000, 0x0000000706800000, 0x0000000706a00000|  0%| F|  |TAMS 0x0000000706800000, 0x0000000706800000| Untracked 
|  40|0x0000000706a00000, 0x0000000706a00000, 0x0000000706c00000|  0%| F|  |TAMS 0x0000000706a00000, 0x0000000706a00000| Untracked 
|  41|0x0000000706c00000, 0x0000000706c00000, 0x0000000706e00000|  0%| F|  |TAMS 0x0000000706c00000, 0x0000000706c00000| Untracked 
|  42|0x0000000706e00000, 0x0000000706e00000, 0x0000000707000000|  0%| F|  |TAMS 0x0000000706e00000, 0x0000000706e00000| Untracked 
|  43|0x0000000707000000, 0x0000000707000000, 0x0000000707200000|  0%| F|  |TAMS 0x0000000707000000, 0x0000000707000000| Untracked 
|  44|0x0000000707200000, 0x0000000707200000, 0x0000000707400000|  0%| F|  |TAMS 0x0000000707200000, 0x0000000707200000| Untracked 
|  45|0x0000000707400000, 0x0000000707400000, 0x0000000707600000|  0%| F|  |TAMS 0x0000000707400000, 0x0000000707400000| Untracked 
|  46|0x0000000707600000, 0x0000000707600000, 0x0000000707800000|  0%| F|  |TAMS 0x0000000707600000, 0x0000000707600000| Untracked 
|  47|0x0000000707800000, 0x0000000707800000, 0x0000000707a00000|  0%| F|  |TAMS 0x0000000707800000, 0x0000000707800000| Untracked 
|  48|0x0000000707a00000, 0x0000000707a00000, 0x0000000707c00000|  0%| F|  |TAMS 0x0000000707a00000, 0x0000000707a00000| Untracked 
|  49|0x0000000707c00000, 0x0000000707c00000, 0x0000000707e00000|  0%| F|  |TAMS 0x0000000707c00000, 0x0000000707c00000| Untracked 
|  50|0x0000000707e00000, 0x0000000707e00000, 0x0000000708000000|  0%| F|  |TAMS 0x0000000707e00000, 0x0000000707e00000| Untracked 
|  51|0x0000000708000000, 0x0000000708000000, 0x0000000708200000|  0%| F|  |TAMS 0x0000000708000000, 0x0000000708000000| Untracked 
|  52|0x0000000708200000, 0x0000000708200000, 0x0000000708400000|  0%| F|  |TAMS 0x0000000708200000, 0x0000000708200000| Untracked 
|  53|0x0000000708400000, 0x0000000708400000, 0x0000000708600000|  0%| F|  |TAMS 0x0000000708400000, 0x0000000708400000| Untracked 
|  54|0x0000000708600000, 0x0000000708600000, 0x0000000708800000|  0%| F|  |TAMS 0x0000000708600000, 0x0000000708600000| Untracked 
|  55|0x0000000708800000, 0x0000000708800000, 0x0000000708a00000|  0%| F|  |TAMS 0x0000000708800000, 0x0000000708800000| Untracked 
|  56|0x0000000708a00000, 0x0000000708a00000, 0x0000000708c00000|  0%| F|  |TAMS 0x0000000708a00000, 0x0000000708a00000| Untracked 
|  57|0x0000000708c00000, 0x0000000708c00000, 0x0000000708e00000|  0%| F|  |TAMS 0x0000000708c00000, 0x0000000708c00000| Untracked 
|  58|0x0000000708e00000, 0x0000000708e00000, 0x0000000709000000|  0%| F|  |TAMS 0x0000000708e00000, 0x0000000708e00000| Untracked 
|  59|0x0000000709000000, 0x0000000709000000, 0x0000000709200000|  0%| F|  |TAMS 0x0000000709000000, 0x0000000709000000| Untracked 
|  60|0x0000000709200000, 0x0000000709200000, 0x0000000709400000|  0%| F|  |TAMS 0x0000000709200000, 0x0000000709200000| Untracked 
|  61|0x0000000709400000, 0x0000000709400000, 0x0000000709600000|  0%| F|  |TAMS 0x0000000709400000, 0x0000000709400000| Untracked 
|  62|0x0000000709600000, 0x0000000709600000, 0x0000000709800000|  0%| F|  |TAMS 0x0000000709600000, 0x0000000709600000| Untracked 
|  63|0x0000000709800000, 0x0000000709800000, 0x0000000709a00000|  0%| F|  |TAMS 0x0000000709800000, 0x0000000709800000| Untracked 
|  64|0x0000000709a00000, 0x0000000709a00000, 0x0000000709c00000|  0%| F|  |TAMS 0x0000000709a00000, 0x0000000709a00000| Untracked 
|  65|0x0000000709c00000, 0x0000000709c00000, 0x0000000709e00000|  0%| F|  |TAMS 0x0000000709c00000, 0x0000000709c00000| Untracked 
|  66|0x0000000709e00000, 0x0000000709e00000, 0x000000070a000000|  0%| F|  |TAMS 0x0000000709e00000, 0x0000000709e00000| Untracked 
|  67|0x000000070a000000, 0x000000070a000000, 0x000000070a200000|  0%| F|  |TAMS 0x000000070a000000, 0x000000070a000000| Untracked 
|  68|0x000000070a200000, 0x000000070a200000, 0x000000070a400000|  0%| F|  |TAMS 0x000000070a200000, 0x000000070a200000| Untracked 
|  69|0x000000070a400000, 0x000000070a400000, 0x000000070a600000|  0%| F|  |TAMS 0x000000070a400000, 0x000000070a400000| Untracked 
|  70|0x000000070a600000, 0x000000070a600000, 0x000000070a800000|  0%| F|  |TAMS 0x000000070a600000, 0x000000070a600000| Untracked 
|  71|0x000000070a800000, 0x000000070a800000, 0x000000070aa00000|  0%| F|  |TAMS 0x000000070a800000, 0x000000070a800000| Untracked 
|  72|0x000000070aa00000, 0x000000070aa00000, 0x000000070ac00000|  0%| F|  |TAMS 0x000000070aa00000, 0x000000070aa00000| Untracked 
|  73|0x000000070ac00000, 0x000000070ac00000, 0x000000070ae00000|  0%| F|  |TAMS 0x000000070ac00000, 0x000000070ac00000| Untracked 
|  74|0x000000070ae00000, 0x000000070ae00000, 0x000000070b000000|  0%| F|  |TAMS 0x000000070ae00000, 0x000000070ae00000| Untracked 
|  75|0x000000070b000000, 0x000000070b000000, 0x000000070b200000|  0%| F|  |TAMS 0x000000070b000000, 0x000000070b000000| Untracked 
|  76|0x000000070b200000, 0x000000070b200000, 0x000000070b400000|  0%| F|  |TAMS 0x000000070b200000, 0x000000070b200000| Untracked 
|  77|0x000000070b400000, 0x000000070b400000, 0x000000070b600000|  0%| F|  |TAMS 0x000000070b400000, 0x000000070b400000| Untracked 
|  78|0x000000070b600000, 0x000000070b600000, 0x000000070b800000|  0%| F|  |TAMS 0x000000070b600000, 0x000000070b600000| Untracked 
|  79|0x000000070b800000, 0x000000070b800000, 0x000000070ba00000|  0%| F|  |TAMS 0x000000070b800000, 0x000000070b800000| Untracked 
|  80|0x000000070ba00000, 0x000000070ba00000, 0x000000070bc00000|  0%| F|  |TAMS 0x000000070ba00000, 0x000000070ba00000| Untracked 
|  81|0x000000070bc00000, 0x000000070bc00000, 0x000000070be00000|  0%| F|  |TAMS 0x000000070bc00000, 0x000000070bc00000| Untracked 
|  82|0x000000070be00000, 0x000000070be00000, 0x000000070c000000|  0%| F|  |TAMS 0x000000070be00000, 0x000000070be00000| Untracked 
|  83|0x000000070c000000, 0x000000070c000000, 0x000000070c200000|  0%| F|  |TAMS 0x000000070c000000, 0x000000070c000000| Untracked 
|  84|0x000000070c200000, 0x000000070c200000, 0x000000070c400000|  0%| F|  |TAMS 0x000000070c200000, 0x000000070c200000| Untracked 
|  85|0x000000070c400000, 0x000000070c400000, 0x000000070c600000|  0%| F|  |TAMS 0x000000070c400000, 0x000000070c400000| Untracked 
|  86|0x000000070c600000, 0x000000070c600000, 0x000000070c800000|  0%| F|  |TAMS 0x000000070c600000, 0x000000070c600000| Untracked 
|  87|0x000000070c800000, 0x000000070c800000, 0x000000070ca00000|  0%| F|  |TAMS 0x000000070c800000, 0x000000070c800000| Untracked 
|  88|0x000000070ca00000, 0x000000070ca00000, 0x000000070cc00000|  0%| F|  |TAMS 0x000000070ca00000, 0x000000070ca00000| Untracked 
|  89|0x000000070cc00000, 0x000000070cc00000, 0x000000070ce00000|  0%| F|  |TAMS 0x000000070cc00000, 0x000000070cc00000| Untracked 
|  90|0x000000070ce00000, 0x000000070ce00000, 0x000000070d000000|  0%| F|  |TAMS 0x000000070ce00000, 0x000000070ce00000| Untracked 
|  91|0x000000070d000000, 0x000000070d000000, 0x000000070d200000|  0%| F|  |TAMS 0x000000070d000000, 0x000000070d000000| Untracked 
|  92|0x000000070d200000, 0x000000070d200000, 0x000000070d400000|  0%| F|  |TAMS 0x000000070d200000, 0x000000070d200000| Untracked 
|  93|0x000000070d400000, 0x000000070d400000, 0x000000070d600000|  0%| F|  |TAMS 0x000000070d400000, 0x000000070d400000| Untracked 
|  94|0x000000070d600000, 0x000000070d600000, 0x000000070d800000|  0%| F|  |TAMS 0x000000070d600000, 0x000000070d600000| Untracked 
|  95|0x000000070d800000, 0x000000070d800000, 0x000000070da00000|  0%| F|  |TAMS 0x000000070d800000, 0x000000070d800000| Untracked 
|  96|0x000000070da00000, 0x000000070da00000, 0x000000070dc00000|  0%| F|  |TAMS 0x000000070da00000, 0x000000070da00000| Untracked 
|  97|0x000000070dc00000, 0x000000070dc00000, 0x000000070de00000|  0%| F|  |TAMS 0x000000070dc00000, 0x000000070dc00000| Untracked 
|  98|0x000000070de00000, 0x000000070de00000, 0x000000070e000000|  0%| F|  |TAMS 0x000000070de00000, 0x000000070de00000| Untracked 
|  99|0x000000070e000000, 0x000000070e000000, 0x000000070e200000|  0%| F|  |TAMS 0x000000070e000000, 0x000000070e000000| Untracked 
| 100|0x000000070e200000, 0x000000070e200000, 0x000000070e400000|  0%| F|  |TAMS 0x000000070e200000, 0x000000070e200000| Untracked 
| 101|0x000000070e400000, 0x000000070e400000, 0x000000070e600000|  0%| F|  |TAMS 0x000000070e400000, 0x000000070e400000| Untracked 
| 102|0x000000070e600000, 0x000000070e600000, 0x000000070e800000|  0%| F|  |TAMS 0x000000070e600000, 0x000000070e600000| Untracked 
| 103|0x000000070e800000, 0x000000070e800000, 0x000000070ea00000|  0%| F|  |TAMS 0x000000070e800000, 0x000000070e800000| Untracked 
| 104|0x000000070ea00000, 0x000000070ea00000, 0x000000070ec00000|  0%| F|  |TAMS 0x000000070ea00000, 0x000000070ea00000| Untracked 
| 105|0x000000070ec00000, 0x000000070ec00000, 0x000000070ee00000|  0%| F|  |TAMS 0x000000070ec00000, 0x000000070ec00000| Untracked 
| 106|0x000000070ee00000, 0x000000070ee00000, 0x000000070f000000|  0%| F|  |TAMS 0x000000070ee00000, 0x000000070ee00000| Untracked 
| 107|0x000000070f000000, 0x000000070f000000, 0x000000070f200000|  0%| F|  |TAMS 0x000000070f000000, 0x000000070f000000| Untracked 
| 108|0x000000070f200000, 0x000000070f200000, 0x000000070f400000|  0%| F|  |TAMS 0x000000070f200000, 0x000000070f200000| Untracked 
| 109|0x000000070f400000, 0x000000070f400000, 0x000000070f600000|  0%| F|  |TAMS 0x000000070f400000, 0x000000070f400000| Untracked 
| 110|0x000000070f600000, 0x000000070f600000, 0x000000070f800000|  0%| F|  |TAMS 0x000000070f600000, 0x000000070f600000| Untracked 
| 111|0x000000070f800000, 0x000000070f800000, 0x000000070fa00000|  0%| F|  |TAMS 0x000000070f800000, 0x000000070f800000| Untracked 
| 112|0x000000070fa00000, 0x000000070fa00000, 0x000000070fc00000|  0%| F|  |TAMS 0x000000070fa00000, 0x000000070fa00000| Untracked 
| 113|0x000000070fc00000, 0x000000070fc00000, 0x000000070fe00000|  0%| F|  |TAMS 0x000000070fc00000, 0x000000070fc00000| Untracked 
| 114|0x000000070fe00000, 0x000000070fe00000, 0x0000000710000000|  0%| F|  |TAMS 0x000000070fe00000, 0x000000070fe00000| Untracked 
| 115|0x0000000710000000, 0x0000000710000000, 0x0000000710200000|  0%| F|  |TAMS 0x0000000710000000, 0x0000000710000000| Untracked 
| 116|0x0000000710200000, 0x0000000710200000, 0x0000000710400000|  0%| F|  |TAMS 0x0000000710200000, 0x0000000710200000| Untracked 
| 117|0x0000000710400000, 0x0000000710400000, 0x0000000710600000|  0%| F|  |TAMS 0x0000000710400000, 0x0000000710400000| Untracked 
| 118|0x0000000710600000, 0x0000000710600000, 0x0000000710800000|  0%| F|  |TAMS 0x0000000710600000, 0x0000000710600000| Untracked 
| 119|0x0000000710800000, 0x0000000710943df0, 0x0000000710a00000| 63%| E|  |TAMS 0x0000000710800000, 0x0000000710800000| Complete 
| 120|0x0000000710a00000, 0x0000000710c00000, 0x0000000710c00000|100%| E|CS|TAMS 0x0000000710a00000, 0x0000000710a00000| Complete 
| 121|0x0000000710c00000, 0x0000000710e00000, 0x0000000710e00000|100%| E|CS|TAMS 0x0000000710c00000, 0x0000000710c00000| Complete 
| 122|0x0000000710e00000, 0x0000000711000000, 0x0000000711000000|100%| E|CS|TAMS 0x0000000710e00000, 0x0000000710e00000| Complete 
| 123|0x0000000711000000, 0x0000000711200000, 0x0000000711200000|100%| E|  |TAMS 0x0000000711000000, 0x0000000711000000| Complete 
| 124|0x0000000711200000, 0x0000000711400000, 0x0000000711400000|100%| E|CS|TAMS 0x0000000711200000, 0x0000000711200000| Complete 
| 125|0x0000000711400000, 0x0000000711600000, 0x0000000711600000|100%| E|CS|TAMS 0x0000000711400000, 0x0000000711400000| Complete 
| 126|0x0000000711600000, 0x0000000711800000, 0x0000000711800000|100%| E|CS|TAMS 0x0000000711600000, 0x0000000711600000| Complete 
| 127|0x0000000711800000, 0x0000000711a00000, 0x0000000711a00000|100%| E|CS|TAMS 0x0000000711800000, 0x0000000711800000| Complete 

Card table byte_map: [0x000001a8f6be0000,0x000001a8f73e0000] _byte_map_base: 0x000001a8f33d3000

Marking Bits (Prev, Next): (CMBitMap*) 0x000001a8eb2c87d0, (CMBitMap*) 0x000001a8eb2c8810
 Prev Bits: [0x000001a8f7be0000, 0x000001a8fbb78000)
 Next Bits: [0x000001a8fbb80000, 0x000001a8ffb18000)

Polling page: 0x000001a8eb360000

Metaspace:

Usage:
  Non-class:      6.12 MB used.
      Class:    306.34 KB used.
       Both:      6.41 MB used.

Virtual space:
  Non-class space:       16.00 MB reserved,       6.19 MB ( 39%) committed,  2 nodes.
      Class space:        1.00 GB reserved,     384.00 KB ( <1%) committed,  1 nodes.
              Both:        1.02 GB reserved,       6.56 MB ( <1%) committed. 

Chunk freelists:
   Non-Class:  3.39 MB
       Class:  3.52 MB
        Both:  6.91 MB

MaxMetaspaceSize: 17179869184.00 GB
CompressedClassSpaceSize: 1.00 GB
 - commit_granule_bytes: 65536.
 - commit_granule_words: 8192.
 - virtual_space_node_default_size: 1048576.
 - enlarge_chunks_in_place: 1.
 - new_chunks_are_fully_committed: 0.
 - uncommit_free_chunks: 1.
 - use_allocation_guard: 0.
 - handle_deallocations: 1.


Internal statistics:

num_allocs_failed_limit: 0.
num_arena_births: 64.
num_arena_deaths: 0.
num_vsnodes_births: 3.
num_vsnodes_deaths: 0.
num_space_committed: 103.
num_space_uncommitted: 0.
num_chunks_returned_to_freelist: 0.
num_chunks_taken_from_freelist: 244.
num_chunk_merges: 0.
num_chunk_splits: 186.
num_chunks_enlarged: 157.
num_purges: 0.

CodeHeap 'non-profiled nmethods': size=119168Kb used=234Kb max_used=234Kb free=118934Kb
 bounds [0x000001a887ba0000, 0x000001a887e10000, 0x000001a88f000000]
CodeHeap 'profiled nmethods': size=119104Kb used=1552Kb max_used=1552Kb free=117551Kb
 bounds [0x000001a880750000, 0x000001a8809c0000, 0x000001a887ba0000]
CodeHeap 'non-nmethods': size=7488Kb used=3419Kb max_used=3433Kb free=4068Kb
 bounds [0x000001a880000000, 0x000001a880360000, 0x000001a880750000]
 total_blobs=2066 nmethods=869 adapters=1107
 compilation: enabled
              stopped_count=0, restarted_count=0
 full_count=0

Compilation events (20 events):
Event: 0.917 Thread 0x000001a896a070f0 nmethod 859 0x000001a887bd9b10 code [0x000001a887bd9c80, 0x000001a887bd9cf8]
Event: 0.918 Thread 0x000001a89290d660  861       3       java.io.FilterInputStream::read (9 bytes)
Event: 0.918 Thread 0x000001a89290d660 nmethod 861 0x000001a8808cfa10 code [0x000001a8808cfbc0, 0x000001a8808cfda8]
Event: 0.920 Thread 0x000001a896a38040 nmethod 860 0x000001a887bd9e10 code [0x000001a887bd9fa0, 0x000001a887bda2d8]
Event: 0.921 Thread 0x000001a89290d660  862       3       java.util.jar.Manifest$FastInputStream::peek (38 bytes)
Event: 0.921 Thread 0x000001a89290efd0  863       3       java.util.jar.Attributes$Name::of (28 bytes)
Event: 0.921 Thread 0x000001a891c91770  864       3       java.util.jar.Attributes::putValue (13 bytes)
Event: 0.921 Thread 0x000001a896ab2560  865       3       java.util.jar.Attributes::put (18 bytes)
Event: 0.921 Thread 0x000001a896ab2560 nmethod 865 0x000001a8808cfe90 code [0x000001a8808d0040, 0x000001a8808d0428]
Event: 0.921 Thread 0x000001a89290d660 nmethod 862 0x000001a8808d0510 code [0x000001a8808d06c0, 0x000001a8808d08e8]
Event: 0.922 Thread 0x000001a89290efd0 nmethod 863 0x000001a8808d0a10 code [0x000001a8808d0c20, 0x000001a8808d11c8]
Event: 0.922 Thread 0x000001a891c91770 nmethod 864 0x000001a8808d1410 code [0x000001a8808d1640, 0x000001a8808d1eb8]
Event: 0.928 Thread 0x000001a89290efd0  866       3       java.lang.ClassLoader::checkPackageAccess (102 bytes)
Event: 0.929 Thread 0x000001a89290efd0 nmethod 866 0x000001a8808d2110 code [0x000001a8808d2400, 0x000001a8808d32c8]
Event: 0.944 Thread 0x000001a89290efd0  867       3       renderer.RenderBatch::loadElementIndices (63 bytes)
Event: 0.944 Thread 0x000001a89290efd0 nmethod 867 0x000001a8808d3890 code [0x000001a8808d3a40, 0x000001a8808d3c58]
Event: 1.102 Thread 0x000001a896a070f0  868       4       renderer.RenderBatch::loadElementIndices (63 bytes)
Event: 1.102 Thread 0x000001a89290efd0  869       3       java.util.ArrayList$Itr::hasNext (20 bytes)
Event: 1.102 Thread 0x000001a89290efd0 nmethod 869 0x000001a8808d3d90 code [0x000001a8808d3f20, 0x000001a8808d4098]
Event: 1.102 Thread 0x000001a896a070f0 nmethod 868 0x000001a887bda410 code [0x000001a887bda5a0, 0x000001a887bda6d8]

GC Heap History (0 events):
No events

Deoptimization events (14 events):
Event: 0.092 Thread 0x000001a8eb272c00 Uncommon trap: trap_request=0xffffff45 fr.pc=0x000001a887ba8404 relative=0x0000000000000064
Event: 0.092 Thread 0x000001a8eb272c00 Uncommon trap: reason=unstable_if action=reinterpret pc=0x000001a887ba8404 method=java.io.WinNTFileSystem.isSlash(C)Z @ 9 c2
Event: 0.092 Thread 0x000001a8eb272c00 DEOPT PACKING pc=0x000001a887ba8404 sp=0x00000068a99fe4c0
Event: 0.092 Thread 0x000001a8eb272c00 DEOPT UNPACKING pc=0x000001a88004d72e sp=0x00000068a99fe448 mode 2
Event: 0.104 Thread 0x000001a8eb272c00 DEOPT PACKING pc=0x000001a88076da67 sp=0x00000068a99f7c80
Event: 0.104 Thread 0x000001a8eb272c00 DEOPT UNPACKING pc=0x000001a88004dece sp=0x00000068a99f70a0 mode 0
Event: 0.119 Thread 0x000001a8eb272c00 DEOPT PACKING pc=0x000001a8807582d1 sp=0x00000068a99fba90
Event: 0.119 Thread 0x000001a8eb272c00 DEOPT UNPACKING pc=0x000001a88004dece sp=0x00000068a99faf08 mode 0
Event: 0.744 Thread 0x000001a8eb272c00 Uncommon trap: trap_request=0xffffff54 fr.pc=0x000001a887bc9d80 relative=0x0000000000000060
Event: 0.744 Thread 0x000001a8eb272c00 Uncommon trap: reason=speculate_null_assert action=make_not_entrant pc=0x000001a887bc9d80 method=sun.misc.Unsafe.putLong(Ljava/lang/Object;JJ)V @ 7 c2
Event: 0.744 Thread 0x000001a8eb272c00 DEOPT PACKING pc=0x000001a887bc9d80 sp=0x00000068a99ff120
Event: 0.744 Thread 0x000001a8eb272c00 DEOPT UNPACKING pc=0x000001a88004d72e sp=0x00000068a99ff098 mode 2
Event: 0.780 Thread 0x000001a8eb272c00 DEOPT PACKING pc=0x000001a880786c65 sp=0x00000068a99fe260
Event: 0.780 Thread 0x000001a8eb272c00 DEOPT UNPACKING pc=0x000001a88004dece sp=0x00000068a99fd6b0 mode 0

Classes unloaded (0 events):
No events

Classes redefined (0 events):
No events

Internal exceptions (20 events):
Event: 0.111 Thread 0x000001a8eb272c00 Exception <a 'java/lang/NoSuchMethodError'{0x0000000711490978}: 'void java.lang.invoke.DirectMethodHandle$Holder.invokeStatic(java.lang.Object, java.lang.Object)'> (0x0000000711490978) 
thrown [c:\wsjdk\correttojdksrc\installers\windows\zip\corretto-build\buildroot\src\hotspot\share\interpreter\linkResolver.cpp, line 790]
Event: 0.112 Thread 0x000001a8eb272c00 Exception <a 'java/lang/NoSuchMethodError'{0x00000007114962e0}: 'void java.lang.invoke.DirectMethodHandle$Holder.invokeSpecial(java.lang.Object, java.lang.Object, java.lang.Object)'> (0x00000007114962e0) 
thrown [c:\wsjdk\correttojdksrc\installers\windows\zip\corretto-build\buildroot\src\hotspot\share\interpreter\linkResolver.cpp, line 790]
Event: 0.114 Thread 0x000001a8eb272c00 Exception <a 'java/lang/NoSuchMethodError'{0x00000007114aaf00}: 'java.lang.Object java.lang.invoke.DirectMethodHandle$Holder.invokeStatic(java.lang.Object, java.lang.Object, int)'> (0x00000007114aaf00) 
thrown [c:\wsjdk\correttojdksrc\installers\windows\zip\corretto-build\buildroot\src\hotspot\share\interpreter\linkResolver.cpp, line 790]
Event: 0.115 Thread 0x000001a8eb272c00 Exception <a 'java/lang/NoSuchMethodError'{0x00000007114b70a8}: 'void java.lang.invoke.DelegatingMethodHandle$Holder.delegate(java.lang.Object, java.lang.Object, int, java.lang.Object)'> (0x00000007114b70a8) 
thrown [c:\wsjdk\correttojdksrc\installers\windows\zip\corretto-build\buildroot\src\hotspot\share\interpreter\linkResolver.cpp, line 790]
Event: 0.115 Thread 0x000001a8eb272c00 Exception <a 'java/lang/NoSuchMethodError'{0x00000007114bb400}: 'int java.lang.invoke.DirectMethodHandle$Holder.invokeSpecial(java.lang.Object, java.lang.Object, java.lang.Object)'> (0x00000007114bb400) 
thrown [c:\wsjdk\correttojdksrc\installers\windows\zip\corretto-build\buildroot\src\hotspot\share\interpreter\linkResolver.cpp, line 790]
Event: 0.139 Thread 0x000001a8eb272c00 Exception <a 'sun/nio/fs/WindowsException'{0x000000071151a1d0}> (0x000000071151a1d0) 
thrown [c:\wsjdk\correttojdksrc\installers\windows\zip\corretto-build\buildroot\src\hotspot\share\prims\jni.cpp, line 579]
Event: 0.139 Thread 0x000001a8eb272c00 Exception <a 'sun/nio/fs/WindowsException'{0x000000071151a728}> (0x000000071151a728) 
thrown [c:\wsjdk\correttojdksrc\installers\windows\zip\corretto-build\buildroot\src\hotspot\share\prims\jni.cpp, line 579]
Event: 0.162 Thread 0x000001a8eb272c00 Exception <a 'sun/nio/fs/WindowsException'{0x00000007115e2398}> (0x00000007115e2398) 
thrown [c:\wsjdk\correttojdksrc\installers\windows\zip\corretto-build\buildroot\src\hotspot\share\prims\jni.cpp, line 579]
Event: 0.162 Thread 0x000001a8eb272c00 Exception <a 'sun/nio/fs/WindowsException'{0x00000007115e2708}> (0x00000007115e2708) 
thrown [c:\wsjdk\correttojdksrc\installers\windows\zip\corretto-build\buildroot\src\hotspot\share\prims\jni.cpp, line 579]
Event: 0.662 Thread 0x000001a8eb272c00 Exception <a 'java/lang/NoSuchMethodError'{0x0000000711239f20}: 'void java.lang.invoke.DirectMethodHandle$Holder.invokeStaticInit(java.lang.Object, long, double, double)'> (0x0000000711239f20) 
thrown [c:\wsjdk\correttojdksrc\installers\windows\zip\corretto-build\buildroot\src\hotspot\share\interpreter\linkResolver.cpp, line 790]
Event: 0.664 Thread 0x000001a8eb272c00 Exception <a 'java/lang/NoSuchMethodError'{0x000000071124a7c0}: 'void java.lang.invoke.DirectMethodHandle$Holder.invokeStaticInit(java.lang.Object, long, int, int, int)'> (0x000000071124a7c0) 
thrown [c:\wsjdk\correttojdksrc\installers\windows\zip\corretto-build\buildroot\src\hotspot\share\interpreter\linkResolver.cpp, line 790]
Event: 0.667 Thread 0x000001a8eb272c00 Exception <a 'java/lang/NoSuchMethodError'{0x00000007112657b8}: 'void java.lang.invoke.DirectMethodHandle$Holder.invokeStaticInit(java.lang.Object, long, int, int, int, int)'> (0x00000007112657b8) 
thrown [c:\wsjdk\correttojdksrc\installers\windows\zip\corretto-build\buildroot\src\hotspot\share\interpreter\linkResolver.cpp, line 790]
Event: 0.668 Thread 0x000001a8eb272c00 Exception <a 'java/lang/NoSuchMethodError'{0x0000000711272be0}: 'void java.lang.invoke.DirectMethodHandle$Holder.invokeStatic(java.lang.Object, long, int, int)'> (0x0000000711272be0) 
thrown [c:\wsjdk\correttojdksrc\installers\windows\zip\corretto-build\buildroot\src\hotspot\share\interpreter\linkResolver.cpp, line 790]
Event: 0.707 Thread 0x000001a8eb272c00 Exception <a 'sun/nio/fs/WindowsException'{0x00000007112b0e48}> (0x00000007112b0e48) 
thrown [c:\wsjdk\correttojdksrc\installers\windows\zip\corretto-build\buildroot\src\hotspot\share\prims\jni.cpp, line 579]
Event: 0.707 Thread 0x000001a8eb272c00 Exception <a 'sun/nio/fs/WindowsException'{0x00000007112b11f8}> (0x00000007112b11f8) 
thrown [c:\wsjdk\correttojdksrc\installers\windows\zip\corretto-build\buildroot\src\hotspot\share\prims\jni.cpp, line 579]
Event: 0.709 Thread 0x000001a8eb272c00 Exception <a 'sun/nio/fs/WindowsException'{0x00000007112bec10}> (0x00000007112bec10) 
thrown [c:\wsjdk\correttojdksrc\installers\windows\zip\corretto-build\buildroot\src\hotspot\share\prims\jni.cpp, line 579]
Event: 0.709 Thread 0x000001a8eb272c00 Exception <a 'sun/nio/fs/WindowsException'{0x00000007112beef8}> (0x00000007112beef8) 
thrown [c:\wsjdk\correttojdksrc\installers\windows\zip\corretto-build\buildroot\src\hotspot\share\prims\jni.cpp, line 579]
Event: 0.846 Thread 0x000001a8eb272c00 Exception <a 'sun/nio/fs/WindowsException'{0x0000000710ae67c0}> (0x0000000710ae67c0) 
thrown [c:\wsjdk\correttojdksrc\installers\windows\zip\corretto-build\buildroot\src\hotspot\share\prims\jni.cpp, line 579]
Event: 0.919 Thread 0x000001a8eb272c00 Exception <a 'sun/nio/fs/WindowsException'{0x000000071080b3c0}> (0x000000071080b3c0) 
thrown [c:\wsjdk\correttojdksrc\installers\windows\zip\corretto-build\buildroot\src\hotspot\share\prims\jni.cpp, line 579]
Event: 0.919 Thread 0x000001a8eb272c00 Exception <a 'sun/nio/fs/WindowsException'{0x000000071080b748}> (0x000000071080b748) 
thrown [c:\wsjdk\correttojdksrc\installers\windows\zip\corretto-build\buildroot\src\hotspot\share\prims\jni.cpp, line 579]

Events (20 events):
Event: 0.715 Executing  VM operation: HandshakeAllThreads done
Event: 0.741 Thread 0x000001a896a070f0 Thread added: 0x000001a896a070f0
Event: 0.742 Thread 0x000001a896a38040 Thread added: 0x000001a896a38040
Event: 0.744 Thread 0x000001a896ab2560 Thread added: 0x000001a896ab2560
Event: 0.835 loading class jdk/internal/reflect/UnsafeQualifiedLongFieldAccessorImpl
Event: 0.835 loading class jdk/internal/reflect/UnsafeQualifiedFieldAccessorImpl
Event: 0.835 loading class jdk/internal/reflect/UnsafeQualifiedFieldAccessorImpl done
Event: 0.835 loading class jdk/internal/reflect/UnsafeQualifiedLongFieldAccessorImpl done
Event: 0.844 loading class java/io/UncheckedIOException
Event: 0.844 loading class java/io/UncheckedIOException done
Event: 0.846 loading class java/nio/file/StandardCopyOption
Event: 0.846 loading class java/nio/file/StandardCopyOption done
Event: 0.891 Loaded shared library C:\Users\lingn\AppData\Local\Temp\imgui-java-natives_1647325815988\imgui-java64.dll
Event: 0.920 Loaded shared library C:\Users\lingn\AppData\Local\Temp\lwjgllingn\3.2.3-build-13\lwjgl_stb.dll
Event: 0.922 loading class java/io/Externalizable
Event: 0.922 loading class java/io/Externalizable done
Event: 0.922 Loaded shared library C:\Users\lingn\.jdks\corretto-16.0.2\bin\verify.dll
Event: 1.101 loading class java/util/ComparableTimSort
Event: 1.102 loading class java/util/ComparableTimSort done
Event: 1.102 Thread 0x000001a896a38040 Thread exited: 0x000001a896a38040


Dynamic libraries:
0x00007ff7224d0000 - 0x00007ff7224dd000 	C:\Users\lingn\.jdks\corretto-16.0.2\bin\java.exe
0x00007ffb60230000 - 0x00007ffb60425000 	C:\Windows\SYSTEM32\ntdll.dll
0x00007ffb5f7e0000 - 0x00007ffb5f89e000 	C:\Windows\System32\KERNEL32.DLL
0x00007ffb5dce0000 - 0x00007ffb5dfa8000 	C:\Windows\System32\KERNELBASE.dll
0x00007ffb5e140000 - 0x00007ffb5e240000 	C:\Windows\System32\ucrtbase.dll
0x00007ffb3fb50000 - 0x00007ffb3fb68000 	C:\Users\lingn\.jdks\corretto-16.0.2\bin\jli.dll
0x00007ffb3cfe0000 - 0x00007ffb3cff5000 	C:\Users\lingn\.jdks\corretto-16.0.2\bin\VCRUNTIME140.dll
0x00007ffb5e520000 - 0x00007ffb5e6c0000 	C:\Windows\System32\USER32.dll
0x00007ffb49300000 - 0x00007ffb4959a000 	C:\Windows\WinSxS\amd64_microsoft.windows.common-controls_6595b64144ccf1df_6.0.19041.1110_none_60b5254171f9507e\COMCTL32.dll
0x00007ffb5dfe0000 - 0x00007ffb5e002000 	C:\Windows\System32\win32u.dll
0x00007ffb5fb20000 - 0x00007ffb5fbbe000 	C:\Windows\System32\msvcrt.dll
0x00007ffb5f8a0000 - 0x00007ffb5f8cb000 	C:\Windows\System32\GDI32.dll
0x00007ffb5dbd0000 - 0x00007ffb5dcdb000 	C:\Windows\System32\gdi32full.dll
0x00007ffb5e0a0000 - 0x00007ffb5e13d000 	C:\Windows\System32\msvcp_win.dll
0x00007ffb5e4f0000 - 0x00007ffb5e520000 	C:\Windows\System32\IMM32.DLL
0x00007ffb14fd0000 - 0x00007ffb1506b000 	C:\Users\lingn\.jdks\corretto-16.0.2\bin\msvcp140.dll
0x00007ffaec400000 - 0x00007ffaed009000 	C:\Users\lingn\.jdks\corretto-16.0.2\bin\server\jvm.dll
0x00007ffb5ff30000 - 0x00007ffb5ffde000 	C:\Windows\System32\ADVAPI32.dll
0x00007ffb5fe00000 - 0x00007ffb5fe9c000 	C:\Windows\System32\sechost.dll
0x00007ffb5ffe0000 - 0x00007ffb60105000 	C:\Windows\System32\RPCRT4.dll
0x00007ffb5fa60000 - 0x00007ffb5fa68000 	C:\Windows\System32\PSAPI.DLL
0x00007ffb55ba0000 - 0x00007ffb55baa000 	C:\Windows\SYSTEM32\VERSION.dll
0x00007ffb58080000 - 0x00007ffb58089000 	C:\Windows\SYSTEM32\WSOCK32.dll
0x00007ffb52a20000 - 0x00007ffb52a47000 	C:\Windows\SYSTEM32\WINMM.dll
0x00007ffb5f8d0000 - 0x00007ffb5f93b000 	C:\Windows\System32\WS2_32.dll
0x00007ffb5b860000 - 0x00007ffb5b872000 	C:\Windows\SYSTEM32\kernel.appcore.dll
0x00007ffb4a620000 - 0x00007ffb4a62a000 	C:\Users\lingn\.jdks\corretto-16.0.2\bin\jimage.dll
0x00007ffb53c90000 - 0x00007ffb53e74000 	C:\Windows\SYSTEM32\DBGHELP.DLL
0x00007ffb4a8c0000 - 0x00007ffb4a8ec000 	C:\Windows\SYSTEM32\dbgcore.DLL
0x00007ffb5e010000 - 0x00007ffb5e092000 	C:\Windows\System32\bcryptPrimitives.dll
0x00007ffb38320000 - 0x00007ffb38345000 	C:\Users\lingn\.jdks\corretto-16.0.2\bin\java.dll
0x00007ffb5e720000 - 0x00007ffb5ee64000 	C:\Windows\System32\SHELL32.dll
0x00007ffb5ba60000 - 0x00007ffb5c1f4000 	C:\Windows\SYSTEM32\windows.storage.dll
0x00007ffb5ef20000 - 0x00007ffb5f274000 	C:\Windows\System32\combase.dll
0x00007ffb5d2e0000 - 0x00007ffb5d30c000 	C:\Windows\SYSTEM32\Wldp.dll
0x00007ffb5ee70000 - 0x00007ffb5ef1d000 	C:\Windows\System32\SHCORE.dll
0x00007ffb5fbc0000 - 0x00007ffb5fc15000 	C:\Windows\System32\shlwapi.dll
0x00007ffb5d890000 - 0x00007ffb5d8af000 	C:\Windows\SYSTEM32\profapi.dll
0x00007ffb38480000 - 0x00007ffb38499000 	C:\Users\lingn\.jdks\corretto-16.0.2\bin\net.dll
0x00007ffb4eba0000 - 0x00007ffb4eca9000 	C:\Windows\SYSTEM32\WINHTTP.dll
0x00007ffb5d040000 - 0x00007ffb5d0aa000 	C:\Windows\system32\mswsock.dll
0x00007ffb32ef0000 - 0x00007ffb32f03000 	C:\Users\lingn\.jdks\corretto-16.0.2\bin\nio.dll
0x00007ffb317e0000 - 0x00007ffb317f8000 	C:\Users\lingn\.jdks\corretto-16.0.2\bin\zip.dll
0x00007ffb4a630000 - 0x00007ffb4a694000 	C:\Users\lingn\AppData\Local\Temp\lwjgllingn\3.2.3-build-13\lwjgl.dll
0x00007ffb383d0000 - 0x00007ffb38432000 	C:\Users\lingn\AppData\Local\Temp\lwjgllingn\3.2.3-build-13\glfw.dll
0x00007ffb5b380000 - 0x00007ffb5b41e000 	C:\Windows\system32\uxtheme.dll
0x00007ffb580a0000 - 0x00007ffb580e5000 	C:\Windows\SYSTEM32\dinput8.dll
0x00007ffb59430000 - 0x00007ffb59441000 	C:\Windows\SYSTEM32\xinput1_4.dll
0x00007ffb5e240000 - 0x00007ffb5e28e000 	C:\Windows\System32\cfgmgr32.dll
0x00007ffb5d620000 - 0x00007ffb5d653000 	C:\Windows\SYSTEM32\DEVOBJ.dll
0x00007ffb5b680000 - 0x00007ffb5b6af000 	C:\Windows\SYSTEM32\dwmapi.dll
0x00007ffb52d40000 - 0x00007ffb52e92000 	C:\Windows\SYSTEM32\inputhost.dll
0x00007ffb5e290000 - 0x00007ffb5e35d000 	C:\Windows\System32\OLEAUT32.dll
0x00007ffb5ae80000 - 0x00007ffb5af72000 	C:\Windows\SYSTEM32\CoreMessaging.dll
0x00007ffb59500000 - 0x00007ffb595f6000 	C:\Windows\SYSTEM32\PROPSYS.dll
0x00007ffb5a450000 - 0x00007ffb5a5a4000 	C:\Windows\SYSTEM32\wintypes.dll
0x00007ffb5ab20000 - 0x00007ffb5ae7e000 	C:\Windows\SYSTEM32\CoreUIComponents.dll
0x00007ffb5c690000 - 0x00007ffb5c6c3000 	C:\Windows\SYSTEM32\ntmarta.dll
0x00007ffb5f940000 - 0x00007ffb5fa56000 	C:\Windows\System32\MSCTF.dll
0x00007ffb5c200000 - 0x00007ffb5c20d000 	C:\Windows\SYSTEM32\HID.DLL
0x00007ffb5f370000 - 0x00007ffb5f7e0000 	C:\Windows\System32\SETUPAPI.DLL
0x00007ffb5dfb0000 - 0x00007ffb5dfd7000 	C:\Windows\System32\bcrypt.dll
0x00007ffb5db60000 - 0x00007ffb5dbc8000 	C:\Windows\System32\WINTRUST.dll
0x00007ffb5da00000 - 0x00007ffb5db56000 	C:\Windows\System32\CRYPT32.dll
0x00007ffb5d460000 - 0x00007ffb5d472000 	C:\Windows\SYSTEM32\MSASN1.dll
0x00007ffb28ed0000 - 0x00007ffb28ff6000 	C:\Windows\SYSTEM32\opengl32.dll
0x00007ffb28ea0000 - 0x00007ffb28ecc000 	C:\Windows\SYSTEM32\GLU32.dll
0x00007ffb5fa70000 - 0x00007ffb5fb19000 	C:\Windows\System32\clbcatq.dll
0x00007ffb58680000 - 0x00007ffb586a8000 	C:\Windows\System32\DriverStore\FileRepository\u0348578.inf_amd64_c955a7a452d1bf20\B348746\atig6pxx.dll
0x00007ffb05d70000 - 0x00007ffb08e03000 	C:\Windows\System32\DriverStore\FileRepository\u0348578.inf_amd64_c955a7a452d1bf20\B348746\atio6axx.dll
0x00007ffb5e3c0000 - 0x00007ffb5e4ea000 	C:\Windows\System32\ole32.dll
0x00007ffb1d130000 - 0x00007ffb1d154000 	C:\Windows\SYSTEM32\dxva2.dll
0x00007ffb4b2b0000 - 0x00007ffb4b2ea000 	C:\Windows\System32\DriverStore\FileRepository\u0348578.inf_amd64_c955a7a452d1bf20\B348746\atig6txx.dll
0x00007ffb164c0000 - 0x00007ffb1666a000 	C:\Windows\SYSTEM32\atiadlxx.dll
0x00007ffb52fa0000 - 0x00007ffb52fdb000 	C:\Windows\SYSTEM32\dxcore.dll
0x00007ffb52ea0000 - 0x00007ffb52f99000 	C:\Windows\SYSTEM32\textinputframework.dll
0x00007ffb462f0000 - 0x00007ffb46349000 	C:\Users\lingn\AppData\Local\Temp\lwjgllingn\3.2.3-build-13\lwjgl_opengl.dll
0x0000000064a00000 - 0x0000000064d10000 	C:\Users\lingn\AppData\Local\Temp\imgui-java-natives_1647325815988\imgui-java64.dll
0x00007ffb5d240000 - 0x00007ffb5d258000 	C:\Windows\SYSTEM32\CRYPTSP.dll
0x00007ffb5c9c0000 - 0x00007ffb5c9f4000 	C:\Windows\system32\rsaenh.dll
0x00007ffb5d230000 - 0x00007ffb5d23c000 	C:\Windows\SYSTEM32\CRYPTBASE.dll
0x00007ffb46270000 - 0x00007ffb462e7000 	C:\Users\lingn\AppData\Local\Temp\lwjgllingn\3.2.3-build-13\lwjgl_stb.dll
0x00007ffb480d0000 - 0x00007ffb480e0000 	C:\Users\lingn\.jdks\corretto-16.0.2\bin\verify.dll

dbghelp: loaded successfully - version: 4.0.5 - missing functions: none
symbol engine: initialized successfully - sym options: 0x614 - pdb path: .;C:\Users\lingn\.jdks\corretto-16.0.2\bin;C:\Windows\SYSTEM32;C:\Windows\WinSxS\amd64_microsoft.windows.common-controls_6595b64144ccf1df_6.0.19041.1110_none_60b5254171f9507e;C:\Users\lingn\.jdks\corretto-16.0.2\bin\server;C:\Users\lingn\AppData\Local\Temp\lwjgllingn\3.2.3-build-13;C:\Windows\System32\DriverStore\FileRepository\u0348578.inf_amd64_c955a7a452d1bf20\B348746;C:\Users\lingn\AppData\Local\Temp\imgui-java-natives_1647325815988

VM Arguments:
jvm_args: -Dfile.encoding=GBK -Duser.country=US -Duser.language=en -Duser.variant -ea 
java_command: Main java.library.path=libs
java_class_path (initial): C:\Users\lingn\OneDrive\Desktop\SuperMario\build\classes\java\main;C:\Users\lingn\OneDrive\Desktop\SuperMario\build\resources\main;C:\Users\lingn\OneDrive\Desktop\SuperMario\libs\imgui-app-1.81.0-javadoc.jar;C:\Users\lingn\OneDrive\Desktop\SuperMario\libs\imgui-app-1.81.0-sources.jar;C:\Users\lingn\OneDrive\Desktop\SuperMario\libs\imgui-app-1.81.0.jar;C:\Users\lingn\OneDrive\Desktop\SuperMario\libs\imgui-binding-1.81.0-sources.jar;C:\Users\lingn\OneDrive\Desktop\SuperMario\libs\imgui-binding-1.81.0.jar;C:\Users\lingn\OneDrive\Desktop\SuperMario\libs\imgui-lwjgl3-1.81.0-javadoc.jar;C:\Users\lingn\OneDrive\Desktop\SuperMario\libs\imgui-lwjgl3-1.81.0-sources.jar;C:\Users\lingn\OneDrive\Desktop\SuperMario\libs\imgui-lwjgl3-1.81.0.jar;C:\Users\lingn\.gradle\caches\modules-2\files-2.1\org.lwjgl\lwjgl-assimp\3.2.3\f62aa07a20afbdd3097efc296c4841e0d29700eb\lwjgl-assimp-3.2.3.jar;C:\Users\lingn\.gradle\caches\modules-2\files-2.1\org.lwjgl\lwjgl-assimp\3.2.3\4e60aeb75f0343c4a9ede4ef8b6b32ca702a00a3\lwjgl-assimp-3.2.3-natives-windows.jar;C:\Users\lingn\.gradle\caches\modules-2\files-2.1\org.lwjgl\lwjgl-glfw\3.2.3\5e520d5c290c8b012545a8d34fa5db5ab051ea53\lwjgl-glfw-3.2.3.jar;C:\Users\lingn\.gradle\caches\modules-2\files-2.1\org.lwjgl\lwjgl-glfw\3.2.3\b4d8a3477cdc2edcf7a5f1e822926be846223f54\lwjgl-glfw-3.2.3-natives-windows.jar;C:\Users\lingn\.gradle\caches\modules-2\files-2.1\org.lwjgl\lwjgl-nfd\3.2.3\c44fee1043c022cf6614a28872d44cf114ca7737\lwjgl-nfd-3.2.3.jar;C:\Users\lingn\.gradle\caches\modules-2\files-2.1\org.lwjgl\lwjgl-nfd\3.2.3\32782f5f5c57769efb82af864e70b819c77bc891\lwjgl-nfd-3.2.3-natives-windows.jar;C:\Users\lingn\.gradle\caches\modules-2\files-2.1\org.lwjgl\lwjgl-openal\3.2.3\106742e805803ab9eab8e343f0fb31a3d263903c\lwjgl-openal-3.2.3.jar;C:\Users\lingn\.gradle\caches\modules-2\files-2.1\org.lwjgl\lwjgl-openal\3.2.3\ec898e8ce11b5886f4f532a1536283ef2817758d\lwjgl-openal-3.2.3-natives-windows.jar;C:\Users\lingn\.gradle\caches\modules-2\fil
Launcher Type: SUN_STANDARD

[Global flags]
     intx CICompilerCount                          = 12                                        {product} {ergonomic}
     uint ConcGCThreads                            = 3                                         {product} {ergonomic}
     uint G1ConcRefinementThreads                  = 13                                        {product} {ergonomic}
   size_t G1HeapRegionSize                         = 2097152                                   {product} {ergonomic}
    uintx GCDrainStackTargetSize                   = 64                                        {product} {ergonomic}
   size_t InitialHeapSize                          = 268435456                                 {product} {ergonomic}
   size_t MarkStackSize                            = 4194304                                   {product} {ergonomic}
   size_t MaxHeapSize                              = 4267704320                                {product} {ergonomic}
   size_t MaxNewSize                               = 2560622592                                {product} {ergonomic}
   size_t MinHeapDeltaBytes                        = 2097152                                   {product} {ergonomic}
   size_t MinHeapSize                              = 8388608                                   {product} {ergonomic}
    uintx NonNMethodCodeHeapSize                   = 7602480                                {pd product} {ergonomic}
    uintx NonProfiledCodeHeapSize                  = 122027880                              {pd product} {ergonomic}
    uintx ProfiledCodeHeapSize                     = 122027880                              {pd product} {ergonomic}
    uintx ReservedCodeCacheSize                    = 251658240                              {pd product} {ergonomic}
     bool SegmentedCodeCache                       = true                                      {product} {ergonomic}
   size_t SoftMaxHeapSize                          = 4267704320                             {manageable} {ergonomic}
     bool UseCompressedClassPointers               = true                           {product lp64_product} {ergonomic}
     bool UseCompressedOops                        = true                           {product lp64_product} {ergonomic}
     bool UseG1GC                                  = true                                      {product} {ergonomic}
     bool UseLargePagesIndividualAllocation        = false                                  {pd product} {ergonomic}

Logging:
Log output configuration:
 #0: stdout all=warning uptime,level,tags
 #1: stderr all=off uptime,level,tags

Environment Variables:
PATH=C:\Program Files (x86)\NVIDIA Corporation\PhysX\Common;C:\Program Files (x86)\Intel\Intel(R) Management Engine Components\iCLS\;C:\Program Files\Intel\Intel(R) Management Engine Components\iCLS\;C:\Windows\system32;C:\Windows;C:\Windows\System32\Wbem;C:\Windows\System32\WindowsPowerShell\v1.0\;C:\Windows\System32\OpenSSH\;C:\HashiCorp\Vagrant\bin;C:\Program Files\Git\cmd;C:\Users\lingn\AppData\Local\Microsoft\WindowsApps;C:\ProgramData\lingn\atom\bin;C:\Users\lingn\AppData\Local\atom\bin
USERNAME=lingn
OS=Windows_NT
PROCESSOR_IDENTIFIER=Intel64 Family 6 Model 158 Stepping 13, GenuineIntel



---------------  S Y S T E M  ---------------

OS:
 Windows 10 , 64 bit Build 19041 (10.0.19041.1566)
OS uptime: 0 days 2:21 hours

CPU: total 16 (initial active 16) (8 cores per cpu, 2 threads per core) family 6 model 158 stepping 13 microcode 0xec, cx8, cmov, fxsr, ht, mmx, 3dnowpref, sse, sse2, sse3, ssse3, sse4.1, sse4.2, popcnt, lzcnt, tsc, tscinvbit, avx, avx2, aes, erms, clmul, bmi1, bmi2, adx, fma, vzeroupper, clflush, clflushopt

Memory: 4k page, system-wide physical 16278M (9106M free)
TotalPageFile size 18710M (AvailPageFile size 8402M)
current process WorkingSet (physical memory assigned to process): 118M, peak: 118M
current process commit charge ("private bytes"): 566M, peak: 568M

vm_info: OpenJDK 64-Bit Server VM (16.0.2+7) for windows-amd64 JRE (16.0.2+7), built on Jul 22 2021 01:11:46 by "Administrator" with MS VC++ 15.9 (VS2017)

END.
